Determining if the pthread_create exist failed with the following output:
Change Dir: /nas/kard/Documents/algolab/week7/portfolios/CMakeFiles/CMakeTmp

Run Build Command:"/usr/bin/make" "cmTC_2a536/fast"
/usr/bin/make -f CMakeFiles/cmTC_2a536.dir/build.make CMakeFiles/cmTC_2a536.dir/build
make[1]: Entering directory '/nas/kard/Documents/algolab/week7/portfolios/CMakeFiles/CMakeTmp'
Building C object CMakeFiles/cmTC_2a536.dir/CheckSymbolExists.c.o
/usr/bin/cc    -o CMakeFiles/cmTC_2a536.dir/CheckSymbolExists.c.o   -c /nas/kard/Documents/algolab/week7/portfolios/CMakeFiles/CMakeTmp/CheckSymbolExists.c
Linking C executable cmTC_2a536
/usr/bin/cmake -E cmake_link_script CMakeFiles/cmTC_2a536.dir/link.txt --verbose=1
/usr/bin/cc      -rdynamic CMakeFiles/cmTC_2a536.dir/CheckSymbolExists.c.o  -o cmTC_2a536 
CMakeFiles/cmTC_2a536.dir/CheckSymbolExists.c.o: In function `main':
CheckSymbolExists.c:(.text+0x1b): undefined reference to `pthread_create'
collect2: error: ld returned 1 exit status
CMakeFiles/cmTC_2a536.dir/build.make:97: recipe for target 'cmTC_2a536' failed
make[1]: *** [cmTC_2a536] Error 1
make[1]: Leaving directory '/nas/kard/Documents/algolab/week7/portfolios/CMakeFiles/CMakeTmp'
Makefile:126: recipe for target 'cmTC_2a536/fast' failed
make: *** [cmTC_2a536/fast] Error 2

File /nas/kard/Documents/algolab/week7/portfolios/CMakeFiles/CMakeTmp/CheckSymbolExists.c:
/* */
#include <pthread.h>

int main(int argc, char** argv)
{
  (void)argv;
#ifndef pthread_create
  return ((int*)(&pthread_create))[argc];
#else
  (void)argc;
  return 0;
#endif
}

Determining if the function pthread_create exists in the pthreads failed with the following output:
Change Dir: /nas/kard/Documents/algolab/week7/portfolios/CMakeFiles/CMakeTmp

Run Build Command:"/usr/bin/make" "cmTC_664b4/fast"
/usr/bin/make -f CMakeFiles/cmTC_664b4.dir/build.make CMakeFiles/cmTC_664b4.dir/build
make[1]: Entering directory '/nas/kard/Documents/algolab/week7/portfolios/CMakeFiles/CMakeTmp'
Building C object CMakeFiles/cmTC_664b4.dir/CheckFunctionExists.c.o
/usr/bin/cc   -DCHECK_FUNCTION_EXISTS=pthread_create   -o CMakeFiles/cmTC_664b4.dir/CheckFunctionExists.c.o   -c /usr/share/cmake-3.10/Modules/CheckFunctionExists.c
Linking C executable cmTC_664b4
/usr/bin/cmake -E cmake_link_script CMakeFiles/cmTC_664b4.dir/link.txt --verbose=1
/usr/bin/cc  -DCHECK_FUNCTION_EXISTS=pthread_create    -rdynamic CMakeFiles/cmTC_664b4.dir/CheckFunctionExists.c.o  -o cmTC_664b4 -lpthreads 
/usr/bin/ld: cannot find -lpthreads
collect2: error: ld returned 1 exit status
CMakeFiles/cmTC_664b4.dir/build.make:97: recipe for target 'cmTC_664b4' failed
make[1]: *** [cmTC_664b4] Error 1
make[1]: Leaving directory '/nas/kard/Documents/algolab/week7/portfolios/CMakeFiles/CMakeTmp'
Makefile:126: recipe for target 'cmTC_664b4/fast' failed
make: *** [cmTC_664b4/fast] Error 2


