Determining if the pthread_create exist failed with the following output:
Change Dir: /nas/kard/Documents/algolab/week3/hit/CMakeFiles/CMakeTmp

Run Build Command:"/usr/bin/make" "cmTC_e6363/fast"
/usr/bin/make -f CMakeFiles/cmTC_e6363.dir/build.make CMakeFiles/cmTC_e6363.dir/build
make[1]: Entering directory '/nas/kard/Documents/algolab/week3/hit/CMakeFiles/CMakeTmp'
Building C object CMakeFiles/cmTC_e6363.dir/CheckSymbolExists.c.o
/usr/bin/cc    -o CMakeFiles/cmTC_e6363.dir/CheckSymbolExists.c.o   -c /nas/kard/Documents/algolab/week3/hit/CMakeFiles/CMakeTmp/CheckSymbolExists.c
Linking C executable cmTC_e6363
/usr/bin/cmake -E cmake_link_script CMakeFiles/cmTC_e6363.dir/link.txt --verbose=1
/usr/bin/cc      -rdynamic CMakeFiles/cmTC_e6363.dir/CheckSymbolExists.c.o  -o cmTC_e6363 
CMakeFiles/cmTC_e6363.dir/CheckSymbolExists.c.o: In function `main':
CheckSymbolExists.c:(.text+0x1b): undefined reference to `pthread_create'
collect2: error: ld returned 1 exit status
CMakeFiles/cmTC_e6363.dir/build.make:97: recipe for target 'cmTC_e6363' failed
make[1]: *** [cmTC_e6363] Error 1
make[1]: Leaving directory '/nas/kard/Documents/algolab/week3/hit/CMakeFiles/CMakeTmp'
Makefile:126: recipe for target 'cmTC_e6363/fast' failed
make: *** [cmTC_e6363/fast] Error 2

File /nas/kard/Documents/algolab/week3/hit/CMakeFiles/CMakeTmp/CheckSymbolExists.c:
/* */
#include <pthread.h>

int main(int argc, char** argv)
{
  (void)argv;
#ifndef pthread_create
  return ((int*)(&pthread_create))[argc];
#else
  (void)argc;
  return 0;
#endif
}

Determining if the function pthread_create exists in the pthreads failed with the following output:
Change Dir: /nas/kard/Documents/algolab/week3/hit/CMakeFiles/CMakeTmp

Run Build Command:"/usr/bin/make" "cmTC_5b9fa/fast"
/usr/bin/make -f CMakeFiles/cmTC_5b9fa.dir/build.make CMakeFiles/cmTC_5b9fa.dir/build
make[1]: Entering directory '/nas/kard/Documents/algolab/week3/hit/CMakeFiles/CMakeTmp'
Building C object CMakeFiles/cmTC_5b9fa.dir/CheckFunctionExists.c.o
/usr/bin/cc   -DCHECK_FUNCTION_EXISTS=pthread_create   -o CMakeFiles/cmTC_5b9fa.dir/CheckFunctionExists.c.o   -c /usr/share/cmake-3.10/Modules/CheckFunctionExists.c
Linking C executable cmTC_5b9fa
/usr/bin/cmake -E cmake_link_script CMakeFiles/cmTC_5b9fa.dir/link.txt --verbose=1
/usr/bin/cc  -DCHECK_FUNCTION_EXISTS=pthread_create    -rdynamic CMakeFiles/cmTC_5b9fa.dir/CheckFunctionExists.c.o  -o cmTC_5b9fa -lpthreads 
/usr/bin/ld: cannot find -lpthreads
collect2: error: ld returned 1 exit status
CMakeFiles/cmTC_5b9fa.dir/build.make:97: recipe for target 'cmTC_5b9fa' failed
make[1]: *** [cmTC_5b9fa] Error 1
make[1]: Leaving directory '/nas/kard/Documents/algolab/week3/hit/CMakeFiles/CMakeTmp'
Makefile:126: recipe for target 'cmTC_5b9fa/fast' failed
make: *** [cmTC_5b9fa/fast] Error 2


