Determining if the pthread_create exist failed with the following output:
Change Dir: /nas/kard/Documents/algolab/week10/light/CMakeFiles/CMakeTmp

Run Build Command:"/usr/bin/make" "cmTC_c170c/fast"
/usr/bin/make -f CMakeFiles/cmTC_c170c.dir/build.make CMakeFiles/cmTC_c170c.dir/build
make[1]: Entering directory '/nas/kard/Documents/algolab/week10/light/CMakeFiles/CMakeTmp'
Building C object CMakeFiles/cmTC_c170c.dir/CheckSymbolExists.c.o
/usr/bin/cc    -o CMakeFiles/cmTC_c170c.dir/CheckSymbolExists.c.o   -c /nas/kard/Documents/algolab/week10/light/CMakeFiles/CMakeTmp/CheckSymbolExists.c
Linking C executable cmTC_c170c
/usr/bin/cmake -E cmake_link_script CMakeFiles/cmTC_c170c.dir/link.txt --verbose=1
/usr/bin/cc      -rdynamic CMakeFiles/cmTC_c170c.dir/CheckSymbolExists.c.o  -o cmTC_c170c 
CMakeFiles/cmTC_c170c.dir/CheckSymbolExists.c.o: In function `main':
CheckSymbolExists.c:(.text+0x1b): undefined reference to `pthread_create'
collect2: error: ld returned 1 exit status
CMakeFiles/cmTC_c170c.dir/build.make:97: recipe for target 'cmTC_c170c' failed
make[1]: *** [cmTC_c170c] Error 1
make[1]: Leaving directory '/nas/kard/Documents/algolab/week10/light/CMakeFiles/CMakeTmp'
Makefile:126: recipe for target 'cmTC_c170c/fast' failed
make: *** [cmTC_c170c/fast] Error 2

File /nas/kard/Documents/algolab/week10/light/CMakeFiles/CMakeTmp/CheckSymbolExists.c:
/* */
#include <pthread.h>

int main(int argc, char** argv)
{
  (void)argv;
#ifndef pthread_create
  return ((int*)(&pthread_create))[argc];
#else
  (void)argc;
  return 0;
#endif
}

Determining if the function pthread_create exists in the pthreads failed with the following output:
Change Dir: /nas/kard/Documents/algolab/week10/light/CMakeFiles/CMakeTmp

Run Build Command:"/usr/bin/make" "cmTC_cae54/fast"
/usr/bin/make -f CMakeFiles/cmTC_cae54.dir/build.make CMakeFiles/cmTC_cae54.dir/build
make[1]: Entering directory '/nas/kard/Documents/algolab/week10/light/CMakeFiles/CMakeTmp'
Building C object CMakeFiles/cmTC_cae54.dir/CheckFunctionExists.c.o
/usr/bin/cc   -DCHECK_FUNCTION_EXISTS=pthread_create   -o CMakeFiles/cmTC_cae54.dir/CheckFunctionExists.c.o   -c /usr/share/cmake-3.10/Modules/CheckFunctionExists.c
Linking C executable cmTC_cae54
/usr/bin/cmake -E cmake_link_script CMakeFiles/cmTC_cae54.dir/link.txt --verbose=1
/usr/bin/cc  -DCHECK_FUNCTION_EXISTS=pthread_create    -rdynamic CMakeFiles/cmTC_cae54.dir/CheckFunctionExists.c.o  -o cmTC_cae54 -lpthreads 
/usr/bin/ld: cannot find -lpthreads
collect2: error: ld returned 1 exit status
CMakeFiles/cmTC_cae54.dir/build.make:97: recipe for target 'cmTC_cae54' failed
make[1]: *** [cmTC_cae54] Error 1
make[1]: Leaving directory '/nas/kard/Documents/algolab/week10/light/CMakeFiles/CMakeTmp'
Makefile:126: recipe for target 'cmTC_cae54/fast' failed
make: *** [cmTC_cae54/fast] Error 2


