Determining if the pthread_create exist failed with the following output:
Change Dir: /nas/kard/Documents/AlgoLab/week13/clues/CMakeFiles/CMakeTmp

Run Build Command:"/usr/bin/make" "cmTC_78093/fast"
/usr/bin/make -f CMakeFiles/cmTC_78093.dir/build.make CMakeFiles/cmTC_78093.dir/build
make[1]: Entering directory '/nas/kard/Documents/AlgoLab/week13/clues/CMakeFiles/CMakeTmp'
Building C object CMakeFiles/cmTC_78093.dir/CheckSymbolExists.c.o
/usr/bin/cc    -o CMakeFiles/cmTC_78093.dir/CheckSymbolExists.c.o   -c /nas/kard/Documents/AlgoLab/week13/clues/CMakeFiles/CMakeTmp/CheckSymbolExists.c
Linking C executable cmTC_78093
/usr/bin/cmake -E cmake_link_script CMakeFiles/cmTC_78093.dir/link.txt --verbose=1
/usr/bin/cc      -rdynamic CMakeFiles/cmTC_78093.dir/CheckSymbolExists.c.o  -o cmTC_78093 
CMakeFiles/cmTC_78093.dir/CheckSymbolExists.c.o: In function `main':
CheckSymbolExists.c:(.text+0x1b): undefined reference to `pthread_create'
collect2: error: ld returned 1 exit status
CMakeFiles/cmTC_78093.dir/build.make:97: recipe for target 'cmTC_78093' failed
make[1]: *** [cmTC_78093] Error 1
make[1]: Leaving directory '/nas/kard/Documents/AlgoLab/week13/clues/CMakeFiles/CMakeTmp'
Makefile:126: recipe for target 'cmTC_78093/fast' failed
make: *** [cmTC_78093/fast] Error 2

File /nas/kard/Documents/AlgoLab/week13/clues/CMakeFiles/CMakeTmp/CheckSymbolExists.c:
/* */
#include <pthread.h>

int main(int argc, char** argv)
{
  (void)argv;
#ifndef pthread_create
  return ((int*)(&pthread_create))[argc];
#else
  (void)argc;
  return 0;
#endif
}

Determining if the function pthread_create exists in the pthreads failed with the following output:
Change Dir: /nas/kard/Documents/AlgoLab/week13/clues/CMakeFiles/CMakeTmp

Run Build Command:"/usr/bin/make" "cmTC_c778c/fast"
/usr/bin/make -f CMakeFiles/cmTC_c778c.dir/build.make CMakeFiles/cmTC_c778c.dir/build
make[1]: Entering directory '/nas/kard/Documents/AlgoLab/week13/clues/CMakeFiles/CMakeTmp'
Building C object CMakeFiles/cmTC_c778c.dir/CheckFunctionExists.c.o
/usr/bin/cc   -DCHECK_FUNCTION_EXISTS=pthread_create   -o CMakeFiles/cmTC_c778c.dir/CheckFunctionExists.c.o   -c /usr/share/cmake-3.10/Modules/CheckFunctionExists.c
Linking C executable cmTC_c778c
/usr/bin/cmake -E cmake_link_script CMakeFiles/cmTC_c778c.dir/link.txt --verbose=1
/usr/bin/cc  -DCHECK_FUNCTION_EXISTS=pthread_create    -rdynamic CMakeFiles/cmTC_c778c.dir/CheckFunctionExists.c.o  -o cmTC_c778c -lpthreads 
/usr/bin/ld: cannot find -lpthreads
collect2: error: ld returned 1 exit status
CMakeFiles/cmTC_c778c.dir/build.make:97: recipe for target 'cmTC_c778c' failed
make[1]: *** [cmTC_c778c] Error 1
make[1]: Leaving directory '/nas/kard/Documents/AlgoLab/week13/clues/CMakeFiles/CMakeTmp'
Makefile:126: recipe for target 'cmTC_c778c/fast' failed
make: *** [cmTC_c778c/fast] Error 2


