Determining if the pthread_create exist failed with the following output:
Change Dir: /nas/kard/Documents/algolab/week7/maximum/CMakeFiles/CMakeTmp

Run Build Command:"/usr/bin/make" "cmTC_da45e/fast"
/usr/bin/make -f CMakeFiles/cmTC_da45e.dir/build.make CMakeFiles/cmTC_da45e.dir/build
make[1]: Entering directory '/nas/kard/Documents/algolab/week7/maximum/CMakeFiles/CMakeTmp'
Building C object CMakeFiles/cmTC_da45e.dir/CheckSymbolExists.c.o
/usr/bin/cc    -o CMakeFiles/cmTC_da45e.dir/CheckSymbolExists.c.o   -c /nas/kard/Documents/algolab/week7/maximum/CMakeFiles/CMakeTmp/CheckSymbolExists.c
Linking C executable cmTC_da45e
/usr/bin/cmake -E cmake_link_script CMakeFiles/cmTC_da45e.dir/link.txt --verbose=1
/usr/bin/cc      -rdynamic CMakeFiles/cmTC_da45e.dir/CheckSymbolExists.c.o  -o cmTC_da45e 
CMakeFiles/cmTC_da45e.dir/CheckSymbolExists.c.o: In function `main':
CheckSymbolExists.c:(.text+0x1b): undefined reference to `pthread_create'
collect2: error: ld returned 1 exit status
CMakeFiles/cmTC_da45e.dir/build.make:97: recipe for target 'cmTC_da45e' failed
make[1]: *** [cmTC_da45e] Error 1
make[1]: Leaving directory '/nas/kard/Documents/algolab/week7/maximum/CMakeFiles/CMakeTmp'
Makefile:126: recipe for target 'cmTC_da45e/fast' failed
make: *** [cmTC_da45e/fast] Error 2

File /nas/kard/Documents/algolab/week7/maximum/CMakeFiles/CMakeTmp/CheckSymbolExists.c:
/* */
#include <pthread.h>

int main(int argc, char** argv)
{
  (void)argv;
#ifndef pthread_create
  return ((int*)(&pthread_create))[argc];
#else
  (void)argc;
  return 0;
#endif
}

Determining if the function pthread_create exists in the pthreads failed with the following output:
Change Dir: /nas/kard/Documents/algolab/week7/maximum/CMakeFiles/CMakeTmp

Run Build Command:"/usr/bin/make" "cmTC_6270a/fast"
/usr/bin/make -f CMakeFiles/cmTC_6270a.dir/build.make CMakeFiles/cmTC_6270a.dir/build
make[1]: Entering directory '/nas/kard/Documents/algolab/week7/maximum/CMakeFiles/CMakeTmp'
Building C object CMakeFiles/cmTC_6270a.dir/CheckFunctionExists.c.o
/usr/bin/cc   -DCHECK_FUNCTION_EXISTS=pthread_create   -o CMakeFiles/cmTC_6270a.dir/CheckFunctionExists.c.o   -c /usr/share/cmake-3.10/Modules/CheckFunctionExists.c
Linking C executable cmTC_6270a
/usr/bin/cmake -E cmake_link_script CMakeFiles/cmTC_6270a.dir/link.txt --verbose=1
/usr/bin/cc  -DCHECK_FUNCTION_EXISTS=pthread_create    -rdynamic CMakeFiles/cmTC_6270a.dir/CheckFunctionExists.c.o  -o cmTC_6270a -lpthreads 
/usr/bin/ld: cannot find -lpthreads
collect2: error: ld returned 1 exit status
CMakeFiles/cmTC_6270a.dir/build.make:97: recipe for target 'cmTC_6270a' failed
make[1]: *** [cmTC_6270a] Error 1
make[1]: Leaving directory '/nas/kard/Documents/algolab/week7/maximum/CMakeFiles/CMakeTmp'
Makefile:126: recipe for target 'cmTC_6270a/fast' failed
make: *** [cmTC_6270a/fast] Error 2


