Determining if the pthread_create exist failed with the following output:
Change Dir: /nas/kard/Documents/algolab/week8/h1n1/CMakeFiles/CMakeTmp

Run Build Command:"/usr/bin/make" "cmTC_78f2f/fast"
/usr/bin/make -f CMakeFiles/cmTC_78f2f.dir/build.make CMakeFiles/cmTC_78f2f.dir/build
make[1]: Entering directory '/nas/kard/Documents/algolab/week8/h1n1/CMakeFiles/CMakeTmp'
Building C object CMakeFiles/cmTC_78f2f.dir/CheckSymbolExists.c.o
/usr/bin/cc    -o CMakeFiles/cmTC_78f2f.dir/CheckSymbolExists.c.o   -c /nas/kard/Documents/algolab/week8/h1n1/CMakeFiles/CMakeTmp/CheckSymbolExists.c
Linking C executable cmTC_78f2f
/usr/bin/cmake -E cmake_link_script CMakeFiles/cmTC_78f2f.dir/link.txt --verbose=1
/usr/bin/cc      -rdynamic CMakeFiles/cmTC_78f2f.dir/CheckSymbolExists.c.o  -o cmTC_78f2f 
CMakeFiles/cmTC_78f2f.dir/CheckSymbolExists.c.o: In function `main':
CheckSymbolExists.c:(.text+0x1b): undefined reference to `pthread_create'
collect2: error: ld returned 1 exit status
CMakeFiles/cmTC_78f2f.dir/build.make:97: recipe for target 'cmTC_78f2f' failed
make[1]: *** [cmTC_78f2f] Error 1
make[1]: Leaving directory '/nas/kard/Documents/algolab/week8/h1n1/CMakeFiles/CMakeTmp'
Makefile:126: recipe for target 'cmTC_78f2f/fast' failed
make: *** [cmTC_78f2f/fast] Error 2

File /nas/kard/Documents/algolab/week8/h1n1/CMakeFiles/CMakeTmp/CheckSymbolExists.c:
/* */
#include <pthread.h>

int main(int argc, char** argv)
{
  (void)argv;
#ifndef pthread_create
  return ((int*)(&pthread_create))[argc];
#else
  (void)argc;
  return 0;
#endif
}

Determining if the function pthread_create exists in the pthreads failed with the following output:
Change Dir: /nas/kard/Documents/algolab/week8/h1n1/CMakeFiles/CMakeTmp

Run Build Command:"/usr/bin/make" "cmTC_c723d/fast"
/usr/bin/make -f CMakeFiles/cmTC_c723d.dir/build.make CMakeFiles/cmTC_c723d.dir/build
make[1]: Entering directory '/nas/kard/Documents/algolab/week8/h1n1/CMakeFiles/CMakeTmp'
Building C object CMakeFiles/cmTC_c723d.dir/CheckFunctionExists.c.o
/usr/bin/cc   -DCHECK_FUNCTION_EXISTS=pthread_create   -o CMakeFiles/cmTC_c723d.dir/CheckFunctionExists.c.o   -c /usr/share/cmake-3.10/Modules/CheckFunctionExists.c
Linking C executable cmTC_c723d
/usr/bin/cmake -E cmake_link_script CMakeFiles/cmTC_c723d.dir/link.txt --verbose=1
/usr/bin/cc  -DCHECK_FUNCTION_EXISTS=pthread_create    -rdynamic CMakeFiles/cmTC_c723d.dir/CheckFunctionExists.c.o  -o cmTC_c723d -lpthreads 
/usr/bin/ld: cannot find -lpthreads
collect2: error: ld returned 1 exit status
CMakeFiles/cmTC_c723d.dir/build.make:97: recipe for target 'cmTC_c723d' failed
make[1]: *** [cmTC_c723d] Error 1
make[1]: Leaving directory '/nas/kard/Documents/algolab/week8/h1n1/CMakeFiles/CMakeTmp'
Makefile:126: recipe for target 'cmTC_c723d/fast' failed
make: *** [cmTC_c723d/fast] Error 2


