Determining if the pthread_create exist failed with the following output:
Change Dir: /nas/kard/Documents/algolab/week3/antenna/CMakeFiles/CMakeTmp

Run Build Command:"/usr/bin/make" "cmTC_17268/fast"
/usr/bin/make -f CMakeFiles/cmTC_17268.dir/build.make CMakeFiles/cmTC_17268.dir/build
make[1]: Entering directory '/nas/kard/Documents/algolab/week3/antenna/CMakeFiles/CMakeTmp'
Building C object CMakeFiles/cmTC_17268.dir/CheckSymbolExists.c.o
/usr/bin/cc    -o CMakeFiles/cmTC_17268.dir/CheckSymbolExists.c.o   -c /nas/kard/Documents/algolab/week3/antenna/CMakeFiles/CMakeTmp/CheckSymbolExists.c
Linking C executable cmTC_17268
/usr/bin/cmake -E cmake_link_script CMakeFiles/cmTC_17268.dir/link.txt --verbose=1
/usr/bin/cc      -rdynamic CMakeFiles/cmTC_17268.dir/CheckSymbolExists.c.o  -o cmTC_17268 
CMakeFiles/cmTC_17268.dir/CheckSymbolExists.c.o: In function `main':
CheckSymbolExists.c:(.text+0x1b): undefined reference to `pthread_create'
collect2: error: ld returned 1 exit status
CMakeFiles/cmTC_17268.dir/build.make:97: recipe for target 'cmTC_17268' failed
make[1]: *** [cmTC_17268] Error 1
make[1]: Leaving directory '/nas/kard/Documents/algolab/week3/antenna/CMakeFiles/CMakeTmp'
Makefile:126: recipe for target 'cmTC_17268/fast' failed
make: *** [cmTC_17268/fast] Error 2

File /nas/kard/Documents/algolab/week3/antenna/CMakeFiles/CMakeTmp/CheckSymbolExists.c:
/* */
#include <pthread.h>

int main(int argc, char** argv)
{
  (void)argv;
#ifndef pthread_create
  return ((int*)(&pthread_create))[argc];
#else
  (void)argc;
  return 0;
#endif
}

Determining if the function pthread_create exists in the pthreads failed with the following output:
Change Dir: /nas/kard/Documents/algolab/week3/antenna/CMakeFiles/CMakeTmp

Run Build Command:"/usr/bin/make" "cmTC_44c1e/fast"
/usr/bin/make -f CMakeFiles/cmTC_44c1e.dir/build.make CMakeFiles/cmTC_44c1e.dir/build
make[1]: Entering directory '/nas/kard/Documents/algolab/week3/antenna/CMakeFiles/CMakeTmp'
Building C object CMakeFiles/cmTC_44c1e.dir/CheckFunctionExists.c.o
/usr/bin/cc   -DCHECK_FUNCTION_EXISTS=pthread_create   -o CMakeFiles/cmTC_44c1e.dir/CheckFunctionExists.c.o   -c /usr/share/cmake-3.10/Modules/CheckFunctionExists.c
Linking C executable cmTC_44c1e
/usr/bin/cmake -E cmake_link_script CMakeFiles/cmTC_44c1e.dir/link.txt --verbose=1
/usr/bin/cc  -DCHECK_FUNCTION_EXISTS=pthread_create    -rdynamic CMakeFiles/cmTC_44c1e.dir/CheckFunctionExists.c.o  -o cmTC_44c1e -lpthreads 
/usr/bin/ld: cannot find -lpthreads
collect2: error: ld returned 1 exit status
CMakeFiles/cmTC_44c1e.dir/build.make:97: recipe for target 'cmTC_44c1e' failed
make[1]: *** [cmTC_44c1e] Error 1
make[1]: Leaving directory '/nas/kard/Documents/algolab/week3/antenna/CMakeFiles/CMakeTmp'
Makefile:126: recipe for target 'cmTC_44c1e/fast' failed
make: *** [cmTC_44c1e/fast] Error 2


