Determining if the pthread_create exist failed with the following output:
Change Dir: /nas/kard/Documents/algolab/week6/kingdom_defence/CMakeFiles/CMakeTmp

Run Build Command:"/usr/bin/make" "cmTC_2455a/fast"
/usr/bin/make -f CMakeFiles/cmTC_2455a.dir/build.make CMakeFiles/cmTC_2455a.dir/build
make[1]: Entering directory '/nas/kard/Documents/algolab/week6/kingdom_defence/CMakeFiles/CMakeTmp'
Building C object CMakeFiles/cmTC_2455a.dir/CheckSymbolExists.c.o
/usr/bin/cc    -o CMakeFiles/cmTC_2455a.dir/CheckSymbolExists.c.o   -c /nas/kard/Documents/algolab/week6/kingdom_defence/CMakeFiles/CMakeTmp/CheckSymbolExists.c
Linking C executable cmTC_2455a
/usr/bin/cmake -E cmake_link_script CMakeFiles/cmTC_2455a.dir/link.txt --verbose=1
/usr/bin/cc      -rdynamic CMakeFiles/cmTC_2455a.dir/CheckSymbolExists.c.o  -o cmTC_2455a 
CMakeFiles/cmTC_2455a.dir/CheckSymbolExists.c.o: In function `main':
CheckSymbolExists.c:(.text+0x1b): undefined reference to `pthread_create'
collect2: error: ld returned 1 exit status
CMakeFiles/cmTC_2455a.dir/build.make:97: recipe for target 'cmTC_2455a' failed
make[1]: *** [cmTC_2455a] Error 1
make[1]: Leaving directory '/nas/kard/Documents/algolab/week6/kingdom_defence/CMakeFiles/CMakeTmp'
Makefile:126: recipe for target 'cmTC_2455a/fast' failed
make: *** [cmTC_2455a/fast] Error 2

File /nas/kard/Documents/algolab/week6/kingdom_defence/CMakeFiles/CMakeTmp/CheckSymbolExists.c:
/* */
#include <pthread.h>

int main(int argc, char** argv)
{
  (void)argv;
#ifndef pthread_create
  return ((int*)(&pthread_create))[argc];
#else
  (void)argc;
  return 0;
#endif
}

Determining if the function pthread_create exists in the pthreads failed with the following output:
Change Dir: /nas/kard/Documents/algolab/week6/kingdom_defence/CMakeFiles/CMakeTmp

Run Build Command:"/usr/bin/make" "cmTC_ddadb/fast"
/usr/bin/make -f CMakeFiles/cmTC_ddadb.dir/build.make CMakeFiles/cmTC_ddadb.dir/build
make[1]: Entering directory '/nas/kard/Documents/algolab/week6/kingdom_defence/CMakeFiles/CMakeTmp'
Building C object CMakeFiles/cmTC_ddadb.dir/CheckFunctionExists.c.o
/usr/bin/cc   -DCHECK_FUNCTION_EXISTS=pthread_create   -o CMakeFiles/cmTC_ddadb.dir/CheckFunctionExists.c.o   -c /usr/share/cmake-3.10/Modules/CheckFunctionExists.c
Linking C executable cmTC_ddadb
/usr/bin/cmake -E cmake_link_script CMakeFiles/cmTC_ddadb.dir/link.txt --verbose=1
/usr/bin/cc  -DCHECK_FUNCTION_EXISTS=pthread_create    -rdynamic CMakeFiles/cmTC_ddadb.dir/CheckFunctionExists.c.o  -o cmTC_ddadb -lpthreads 
/usr/bin/ld: cannot find -lpthreads
collect2: error: ld returned 1 exit status
CMakeFiles/cmTC_ddadb.dir/build.make:97: recipe for target 'cmTC_ddadb' failed
make[1]: *** [cmTC_ddadb] Error 1
make[1]: Leaving directory '/nas/kard/Documents/algolab/week6/kingdom_defence/CMakeFiles/CMakeTmp'
Makefile:126: recipe for target 'cmTC_ddadb/fast' failed
make: *** [cmTC_ddadb/fast] Error 2


